2023-06-23 00:58:15.852 [WARN] [HikariPool-1 housekeeper] [788] HikariPool-1 - Thread starvation or clock leap detected (housekeeper delta=1h2m47s885ms915µs300ns).
2023-06-23 00:58:58.832 [INFO] [RMI TCP Connection(83)-127.0.0.1] [159] Application shutdown requested.
2023-06-23 00:58:58.846 [INFO] [RMI TCP Connection(83)-127.0.0.1] [173] Stopping service [Tomcat]
2023-06-23 00:58:58.847 [INFO] [RMI TCP Connection(83)-127.0.0.1] [173] Destroying Spring FrameworkServlet 'dispatcherServlet'
2023-06-23 00:58:58.856 [INFO] [RMI TCP Connection(83)-127.0.0.1] [651] Closing JPA EntityManagerFactory for persistence unit 'default'
2023-06-23 00:58:58.860 [INFO] [RMI TCP Connection(83)-127.0.0.1] [350] HikariPool-1 - Shutdown initiated...
2023-06-23 00:58:58.866 [INFO] [RMI TCP Connection(83)-127.0.0.1] [352] HikariPool-1 - Shutdown completed.
2023-06-23 01:11:18.637 [INFO] [restartedMain] [55] Starting S456Application using Java 17.0.7 on LAPTOP-64JHNQV9 with PID 17660 (C:\sts4-workspace\s456\target\classes started by Tibme_A40J in C:\sts4-workspace\s456)
2023-06-23 01:11:18.639 [INFO] [restartedMain] [631] No active profile set, falling back to 1 default profile: "default"
2023-06-23 01:11:18.689 [INFO] [restartedMain] [255] Devtools property defaults active! Set 'spring.devtools.add-properties' to 'false' to disable
2023-06-23 01:11:18.689 [INFO] [restartedMain] [255] For additional web related logging consider setting the 'logging.level.web' property to 'DEBUG'
2023-06-23 01:11:19.249 [INFO] [restartedMain] [132] Bootstrapping Spring Data JPA repositories in DEFAULT mode.
2023-06-23 01:11:19.314 [INFO] [restartedMain] [201] Finished Spring Data repository scanning in 44 ms. Found 2 JPA repository interfaces.
2023-06-23 01:11:19.860 [INFO] [restartedMain] [108] Tomcat initialized with port(s): 8080 (http)
2023-06-23 01:11:19.869 [INFO] [restartedMain] [173] Starting service [Tomcat]
2023-06-23 01:11:19.870 [INFO] [restartedMain] [173] Starting Servlet engine: [Apache Tomcat/9.0.75]
2023-06-23 01:11:20.044 [INFO] [restartedMain] [173] At least one JAR was scanned for TLDs yet contained no TLDs. Enable debug logging for this logger for a complete list of JARs that were scanned but no TLDs were found in them. Skipping unneeded JARs during scanning can improve startup time and JSP compilation time.
2023-06-23 01:11:20.054 [INFO] [restartedMain] [173] Initializing Spring embedded WebApplicationContext
2023-06-23 01:11:20.055 [INFO] [restartedMain] [292] Root WebApplicationContext: initialization completed in 1365 ms
2023-06-23 01:11:20.249 [INFO] [restartedMain] [110] HikariPool-1 - Starting...
2023-06-23 01:11:20.503 [INFO] [restartedMain] [123] HikariPool-1 - Start completed.
2023-06-23 01:11:20.542 [INFO] [restartedMain] [31] HHH000204: Processing PersistenceUnitInfo [name: default]
2023-06-23 01:11:20.580 [INFO] [restartedMain] [44] HHH000412: Hibernate ORM core version 5.6.15.Final
2023-06-23 01:11:20.719 [INFO] [restartedMain] [56] HCANN000001: Hibernate Commons Annotations {5.1.2.Final}
2023-06-23 01:11:20.798 [INFO] [restartedMain] [175] HHH000400: Using dialect: org.hibernate.dialect.MySQLDialect
2023-06-23 01:11:21.292 [INFO] [restartedMain] [52] HHH000490: Using JtaPlatform implementation: [org.hibernate.engine.transaction.jta.platform.internal.NoJtaPlatform]
2023-06-23 01:11:21.300 [INFO] [restartedMain] [437] Initialized JPA EntityManagerFactory for persistence unit 'default'
2023-06-23 01:11:21.596 [WARN] [restartedMain] [223] spring.jpa.open-in-view is enabled by default. Therefore, database queries may be performed during view rendering. Explicitly configure spring.jpa.open-in-view to disable this warning
2023-06-23 01:11:21.721 [INFO] [restartedMain] [58] Adding welcome page: class path resource [static/index.html]
2023-06-23 01:11:21.896 [INFO] [restartedMain] [59] LiveReload server is running on port 35729
2023-06-23 01:11:21.941 [INFO] [restartedMain] [220] Tomcat started on port(s): 8080 (http) with context path '/Jamigo'
2023-06-23 01:11:21.950 [INFO] [restartedMain] [61] Started S456Application in 3.655 seconds (JVM running for 4.351)
2023-06-23 01:11:37.023 [INFO] [http-nio-8080-exec-1] [173] Initializing Spring DispatcherServlet 'dispatcherServlet'
2023-06-23 01:11:37.024 [INFO] [http-nio-8080-exec-1] [525] Initializing Servlet 'dispatcherServlet'
2023-06-23 01:11:37.026 [INFO] [http-nio-8080-exec-1] [547] Completed initialization in 1 ms
2023-06-23 01:12:45.643 [INFO] [RMI TCP Connection(11)-127.0.0.1] [159] Application shutdown requested.
2023-06-23 01:12:45.652 [INFO] [RMI TCP Connection(11)-127.0.0.1] [173] Stopping service [Tomcat]
2023-06-23 01:12:45.653 [INFO] [RMI TCP Connection(11)-127.0.0.1] [173] Destroying Spring FrameworkServlet 'dispatcherServlet'
2023-06-23 01:12:45.666 [INFO] [RMI TCP Connection(11)-127.0.0.1] [651] Closing JPA EntityManagerFactory for persistence unit 'default'
2023-06-23 01:12:45.670 [INFO] [RMI TCP Connection(11)-127.0.0.1] [350] HikariPool-1 - Shutdown initiated...
2023-06-23 01:12:45.680 [INFO] [RMI TCP Connection(11)-127.0.0.1] [352] HikariPool-1 - Shutdown completed.
2023-06-23 01:12:47.521 [INFO] [restartedMain] [55] Starting S456Application using Java 17.0.7 on LAPTOP-64JHNQV9 with PID 12064 (C:\sts4-workspace\s456\target\classes started by Tibme_A40J in C:\sts4-workspace\s456)
2023-06-23 01:12:47.523 [INFO] [restartedMain] [631] No active profile set, falling back to 1 default profile: "default"
2023-06-23 01:12:47.568 [INFO] [restartedMain] [255] Devtools property defaults active! Set 'spring.devtools.add-properties' to 'false' to disable
2023-06-23 01:12:47.569 [INFO] [restartedMain] [255] For additional web related logging consider setting the 'logging.level.web' property to 'DEBUG'
2023-06-23 01:12:48.165 [INFO] [restartedMain] [132] Bootstrapping Spring Data JPA repositories in DEFAULT mode.
2023-06-23 01:12:48.212 [INFO] [restartedMain] [201] Finished Spring Data repository scanning in 40 ms. Found 2 JPA repository interfaces.
2023-06-23 01:12:48.766 [INFO] [restartedMain] [108] Tomcat initialized with port(s): 8080 (http)
2023-06-23 01:12:48.776 [INFO] [restartedMain] [173] Starting service [Tomcat]
2023-06-23 01:12:48.776 [INFO] [restartedMain] [173] Starting Servlet engine: [Apache Tomcat/9.0.75]
2023-06-23 01:12:49.061 [INFO] [restartedMain] [173] At least one JAR was scanned for TLDs yet contained no TLDs. Enable debug logging for this logger for a complete list of JARs that were scanned but no TLDs were found in them. Skipping unneeded JARs during scanning can improve startup time and JSP compilation time.
2023-06-23 01:12:49.071 [INFO] [restartedMain] [173] Initializing Spring embedded WebApplicationContext
2023-06-23 01:12:49.071 [INFO] [restartedMain] [292] Root WebApplicationContext: initialization completed in 1502 ms
2023-06-23 01:12:49.264 [INFO] [restartedMain] [110] HikariPool-1 - Starting...
2023-06-23 01:12:49.570 [INFO] [restartedMain] [123] HikariPool-1 - Start completed.
2023-06-23 01:12:49.612 [INFO] [restartedMain] [31] HHH000204: Processing PersistenceUnitInfo [name: default]
2023-06-23 01:12:49.664 [INFO] [restartedMain] [44] HHH000412: Hibernate ORM core version 5.6.15.Final
2023-06-23 01:12:49.860 [INFO] [restartedMain] [56] HCANN000001: Hibernate Commons Annotations {5.1.2.Final}
2023-06-23 01:12:49.980 [INFO] [restartedMain] [175] HHH000400: Using dialect: org.hibernate.dialect.MySQLDialect
2023-06-23 01:12:50.870 [INFO] [restartedMain] [52] HHH000490: Using JtaPlatform implementation: [org.hibernate.engine.transaction.jta.platform.internal.NoJtaPlatform]
2023-06-23 01:12:50.881 [INFO] [restartedMain] [437] Initialized JPA EntityManagerFactory for persistence unit 'default'
2023-06-23 01:12:51.216 [WARN] [restartedMain] [223] spring.jpa.open-in-view is enabled by default. Therefore, database queries may be performed during view rendering. Explicitly configure spring.jpa.open-in-view to disable this warning
2023-06-23 01:12:51.332 [INFO] [restartedMain] [58] Adding welcome page: class path resource [static/index.html]
2023-06-23 01:12:51.519 [INFO] [restartedMain] [59] LiveReload server is running on port 35729
2023-06-23 01:12:51.562 [INFO] [restartedMain] [220] Tomcat started on port(s): 8080 (http) with context path '/Jamigo'
2023-06-23 01:12:51.572 [INFO] [restartedMain] [61] Started S456Application in 4.406 seconds (JVM running for 5.158)
2023-06-23 01:13:00.952 [INFO] [RMI TCP Connection(8)-127.0.0.1] [159] Application shutdown requested.
2023-06-23 01:13:00.964 [INFO] [RMI TCP Connection(8)-127.0.0.1] [173] Stopping service [Tomcat]
2023-06-23 01:13:00.972 [INFO] [RMI TCP Connection(8)-127.0.0.1] [651] Closing JPA EntityManagerFactory for persistence unit 'default'
2023-06-23 01:13:00.975 [INFO] [RMI TCP Connection(8)-127.0.0.1] [350] HikariPool-1 - Shutdown initiated...
2023-06-23 01:13:00.981 [INFO] [RMI TCP Connection(8)-127.0.0.1] [352] HikariPool-1 - Shutdown completed.
2023-06-23 01:13:02.919 [INFO] [restartedMain] [55] Starting S456Application using Java 17.0.7 on LAPTOP-64JHNQV9 with PID 11520 (C:\sts4-workspace\s456\target\classes started by Tibme_A40J in C:\sts4-workspace\s456)
2023-06-23 01:13:02.920 [INFO] [restartedMain] [631] No active profile set, falling back to 1 default profile: "default"
2023-06-23 01:13:02.966 [INFO] [restartedMain] [255] Devtools property defaults active! Set 'spring.devtools.add-properties' to 'false' to disable
2023-06-23 01:13:02.967 [INFO] [restartedMain] [255] For additional web related logging consider setting the 'logging.level.web' property to 'DEBUG'
2023-06-23 01:13:03.520 [INFO] [restartedMain] [132] Bootstrapping Spring Data JPA repositories in DEFAULT mode.
2023-06-23 01:13:03.566 [INFO] [restartedMain] [201] Finished Spring Data repository scanning in 36 ms. Found 2 JPA repository interfaces.
2023-06-23 01:13:04.126 [INFO] [restartedMain] [108] Tomcat initialized with port(s): 8080 (http)
2023-06-23 01:13:04.141 [INFO] [restartedMain] [173] Starting service [Tomcat]
2023-06-23 01:13:04.142 [INFO] [restartedMain] [173] Starting Servlet engine: [Apache Tomcat/9.0.75]
2023-06-23 01:13:04.427 [INFO] [restartedMain] [173] At least one JAR was scanned for TLDs yet contained no TLDs. Enable debug logging for this logger for a complete list of JARs that were scanned but no TLDs were found in them. Skipping unneeded JARs during scanning can improve startup time and JSP compilation time.
2023-06-23 01:13:04.436 [INFO] [restartedMain] [173] Initializing Spring embedded WebApplicationContext
2023-06-23 01:13:04.436 [INFO] [restartedMain] [292] Root WebApplicationContext: initialization completed in 1469 ms
2023-06-23 01:13:04.657 [INFO] [restartedMain] [110] HikariPool-1 - Starting...
2023-06-23 01:13:04.979 [INFO] [restartedMain] [123] HikariPool-1 - Start completed.
2023-06-23 01:13:05.020 [INFO] [restartedMain] [31] HHH000204: Processing PersistenceUnitInfo [name: default]
2023-06-23 01:13:05.056 [INFO] [restartedMain] [44] HHH000412: Hibernate ORM core version 5.6.15.Final
2023-06-23 01:13:05.202 [INFO] [restartedMain] [56] HCANN000001: Hibernate Commons Annotations {5.1.2.Final}
2023-06-23 01:13:05.282 [INFO] [restartedMain] [175] HHH000400: Using dialect: org.hibernate.dialect.MySQLDialect
2023-06-23 01:13:05.995 [INFO] [restartedMain] [52] HHH000490: Using JtaPlatform implementation: [org.hibernate.engine.transaction.jta.platform.internal.NoJtaPlatform]
2023-06-23 01:13:06.008 [INFO] [restartedMain] [437] Initialized JPA EntityManagerFactory for persistence unit 'default'
2023-06-23 01:13:06.455 [WARN] [restartedMain] [223] spring.jpa.open-in-view is enabled by default. Therefore, database queries may be performed during view rendering. Explicitly configure spring.jpa.open-in-view to disable this warning
2023-06-23 01:13:06.597 [INFO] [restartedMain] [58] Adding welcome page: class path resource [static/index.html]
2023-06-23 01:13:06.760 [INFO] [restartedMain] [59] LiveReload server is running on port 35729
2023-06-23 01:13:06.814 [INFO] [restartedMain] [220] Tomcat started on port(s): 8080 (http) with context path '/Jamigo'
2023-06-23 01:13:06.825 [INFO] [restartedMain] [61] Started S456Application in 4.324 seconds (JVM running for 5.116)
2023-06-23 01:13:10.460 [INFO] [http-nio-8080-exec-4] [173] Initializing Spring DispatcherServlet 'dispatcherServlet'
2023-06-23 01:13:10.461 [INFO] [http-nio-8080-exec-4] [525] Initializing Servlet 'dispatcherServlet'
2023-06-23 01:13:10.463 [INFO] [http-nio-8080-exec-4] [547] Completed initialization in 2 ms
2023-06-23 01:13:54.598 [INFO] [RMI TCP Connection(9)-127.0.0.1] [159] Application shutdown requested.
2023-06-23 01:13:54.608 [INFO] [RMI TCP Connection(9)-127.0.0.1] [173] Stopping service [Tomcat]
2023-06-23 01:13:54.610 [INFO] [RMI TCP Connection(9)-127.0.0.1] [173] Destroying Spring FrameworkServlet 'dispatcherServlet'
2023-06-23 01:13:54.619 [INFO] [RMI TCP Connection(9)-127.0.0.1] [651] Closing JPA EntityManagerFactory for persistence unit 'default'
2023-06-23 01:13:54.623 [INFO] [RMI TCP Connection(9)-127.0.0.1] [350] HikariPool-1 - Shutdown initiated...
2023-06-23 01:13:54.628 [INFO] [RMI TCP Connection(9)-127.0.0.1] [352] HikariPool-1 - Shutdown completed.
2023-06-23 01:42:52.701 [INFO] [restartedMain] [55] Starting S456Application using Java 17.0.7 on LAPTOP-64JHNQV9 with PID 17972 (C:\sts4-workspace\s456\target\classes started by Tibme_A40J in C:\sts4-workspace\s456)
2023-06-23 01:42:52.702 [INFO] [restartedMain] [631] No active profile set, falling back to 1 default profile: "default"
2023-06-23 01:42:52.752 [INFO] [restartedMain] [255] Devtools property defaults active! Set 'spring.devtools.add-properties' to 'false' to disable
2023-06-23 01:42:52.753 [INFO] [restartedMain] [255] For additional web related logging consider setting the 'logging.level.web' property to 'DEBUG'
2023-06-23 01:42:53.352 [INFO] [restartedMain] [132] Bootstrapping Spring Data JPA repositories in DEFAULT mode.
2023-06-23 01:42:53.405 [INFO] [restartedMain] [201] Finished Spring Data repository scanning in 44 ms. Found 2 JPA repository interfaces.
2023-06-23 01:42:54.005 [INFO] [restartedMain] [108] Tomcat initialized with port(s): 8080 (http)
2023-06-23 01:42:54.022 [INFO] [restartedMain] [173] Starting service [Tomcat]
2023-06-23 01:42:54.023 [INFO] [restartedMain] [173] Starting Servlet engine: [Apache Tomcat/9.0.75]
2023-06-23 01:42:54.243 [INFO] [restartedMain] [173] At least one JAR was scanned for TLDs yet contained no TLDs. Enable debug logging for this logger for a complete list of JARs that were scanned but no TLDs were found in them. Skipping unneeded JARs during scanning can improve startup time and JSP compilation time.
2023-06-23 01:42:54.253 [INFO] [restartedMain] [173] Initializing Spring embedded WebApplicationContext
2023-06-23 01:42:54.253 [INFO] [restartedMain] [292] Root WebApplicationContext: initialization completed in 1499 ms
2023-06-23 01:42:54.450 [INFO] [restartedMain] [110] HikariPool-1 - Starting...
2023-06-23 01:42:54.725 [INFO] [restartedMain] [123] HikariPool-1 - Start completed.
2023-06-23 01:42:54.772 [INFO] [restartedMain] [31] HHH000204: Processing PersistenceUnitInfo [name: default]
2023-06-23 01:42:54.810 [INFO] [restartedMain] [44] HHH000412: Hibernate ORM core version 5.6.15.Final
2023-06-23 01:42:54.952 [INFO] [restartedMain] [56] HCANN000001: Hibernate Commons Annotations {5.1.2.Final}
2023-06-23 01:42:55.032 [INFO] [restartedMain] [175] HHH000400: Using dialect: org.hibernate.dialect.MySQLDialect
2023-06-23 01:42:55.461 [INFO] [restartedMain] [52] HHH000490: Using JtaPlatform implementation: [org.hibernate.engine.transaction.jta.platform.internal.NoJtaPlatform]
2023-06-23 01:42:55.469 [INFO] [restartedMain] [437] Initialized JPA EntityManagerFactory for persistence unit 'default'
2023-06-23 01:42:55.864 [WARN] [restartedMain] [223] spring.jpa.open-in-view is enabled by default. Therefore, database queries may be performed during view rendering. Explicitly configure spring.jpa.open-in-view to disable this warning
2023-06-23 01:42:56.004 [INFO] [restartedMain] [58] Adding welcome page: class path resource [static/index.html]
2023-06-23 01:42:56.176 [INFO] [restartedMain] [59] LiveReload server is running on port 35729
2023-06-23 01:42:56.216 [INFO] [restartedMain] [220] Tomcat started on port(s): 8080 (http) with context path '/Jamigo'
2023-06-23 01:42:56.228 [INFO] [restartedMain] [61] Started S456Application in 3.892 seconds (JVM running for 4.588)
2023-06-23 01:43:46.809 [INFO] [http-nio-8080-exec-3] [173] Initializing Spring DispatcherServlet 'dispatcherServlet'
2023-06-23 01:43:46.810 [INFO] [http-nio-8080-exec-3] [525] Initializing Servlet 'dispatcherServlet'
2023-06-23 01:43:46.811 [INFO] [http-nio-8080-exec-3] [547] Completed initialization in 1 ms
2023-06-23 01:46:53.135 [INFO] [RMI TCP Connection(12)-127.0.0.1] [159] Application shutdown requested.
2023-06-23 01:46:53.144 [INFO] [RMI TCP Connection(12)-127.0.0.1] [173] Stopping service [Tomcat]
2023-06-23 01:46:53.146 [INFO] [RMI TCP Connection(12)-127.0.0.1] [173] Destroying Spring FrameworkServlet 'dispatcherServlet'
2023-06-23 01:46:53.161 [INFO] [RMI TCP Connection(12)-127.0.0.1] [651] Closing JPA EntityManagerFactory for persistence unit 'default'
2023-06-23 01:46:53.166 [INFO] [RMI TCP Connection(12)-127.0.0.1] [350] HikariPool-1 - Shutdown initiated...
2023-06-23 01:46:53.171 [INFO] [RMI TCP Connection(12)-127.0.0.1] [352] HikariPool-1 - Shutdown completed.
2023-06-23 01:46:55.147 [INFO] [restartedMain] [55] Starting S456Application using Java 17.0.7 on LAPTOP-64JHNQV9 with PID 20648 (C:\sts4-workspace\s456\target\classes started by Tibme_A40J in C:\sts4-workspace\s456)
2023-06-23 01:46:55.149 [INFO] [restartedMain] [631] No active profile set, falling back to 1 default profile: "default"
2023-06-23 01:46:55.202 [INFO] [restartedMain] [255] Devtools property defaults active! Set 'spring.devtools.add-properties' to 'false' to disable
2023-06-23 01:46:55.202 [INFO] [restartedMain] [255] For additional web related logging consider setting the 'logging.level.web' property to 'DEBUG'
2023-06-23 01:46:55.763 [INFO] [restartedMain] [132] Bootstrapping Spring Data JPA repositories in DEFAULT mode.
2023-06-23 01:46:55.812 [INFO] [restartedMain] [201] Finished Spring Data repository scanning in 41 ms. Found 2 JPA repository interfaces.
2023-06-23 01:46:56.426 [INFO] [restartedMain] [108] Tomcat initialized with port(s): 8080 (http)
2023-06-23 01:46:56.435 [INFO] [restartedMain] [173] Starting service [Tomcat]
2023-06-23 01:46:56.436 [INFO] [restartedMain] [173] Starting Servlet engine: [Apache Tomcat/9.0.75]
2023-06-23 01:46:56.610 [INFO] [restartedMain] [173] At least one JAR was scanned for TLDs yet contained no TLDs. Enable debug logging for this logger for a complete list of JARs that were scanned but no TLDs were found in them. Skipping unneeded JARs during scanning can improve startup time and JSP compilation time.
2023-06-23 01:46:56.619 [INFO] [restartedMain] [173] Initializing Spring embedded WebApplicationContext
2023-06-23 01:46:56.619 [INFO] [restartedMain] [292] Root WebApplicationContext: initialization completed in 1416 ms
2023-06-23 01:46:56.801 [INFO] [restartedMain] [110] HikariPool-1 - Starting...
2023-06-23 01:46:57.052 [INFO] [restartedMain] [123] HikariPool-1 - Start completed.
2023-06-23 01:46:57.096 [INFO] [restartedMain] [31] HHH000204: Processing PersistenceUnitInfo [name: default]
2023-06-23 01:46:57.133 [INFO] [restartedMain] [44] HHH000412: Hibernate ORM core version 5.6.15.Final
2023-06-23 01:46:57.280 [INFO] [restartedMain] [56] HCANN000001: Hibernate Commons Annotations {5.1.2.Final}
2023-06-23 01:46:57.360 [INFO] [restartedMain] [175] HHH000400: Using dialect: org.hibernate.dialect.MySQLDialect
2023-06-23 01:46:57.767 [INFO] [restartedMain] [52] HHH000490: Using JtaPlatform implementation: [org.hibernate.engine.transaction.jta.platform.internal.NoJtaPlatform]
2023-06-23 01:46:57.778 [INFO] [restartedMain] [437] Initialized JPA EntityManagerFactory for persistence unit 'default'
2023-06-23 01:46:58.184 [WARN] [restartedMain] [223] spring.jpa.open-in-view is enabled by default. Therefore, database queries may be performed during view rendering. Explicitly configure spring.jpa.open-in-view to disable this warning
2023-06-23 01:46:58.309 [INFO] [restartedMain] [58] Adding welcome page: class path resource [static/index.html]
2023-06-23 01:46:58.487 [INFO] [restartedMain] [59] LiveReload server is running on port 35729
2023-06-23 01:46:58.531 [INFO] [restartedMain] [220] Tomcat started on port(s): 8080 (http) with context path '/Jamigo'
2023-06-23 01:46:58.540 [INFO] [restartedMain] [61] Started S456Application in 3.762 seconds (JVM running for 4.507)
2023-06-23 01:47:04.808 [INFO] [http-nio-8080-exec-1] [173] Initializing Spring DispatcherServlet 'dispatcherServlet'
2023-06-23 01:47:04.808 [INFO] [http-nio-8080-exec-1] [525] Initializing Servlet 'dispatcherServlet'
2023-06-23 01:47:04.810 [INFO] [http-nio-8080-exec-1] [547] Completed initialization in 2 ms
2023-06-23 01:47:33.423 [INFO] [RMI TCP Connection(10)-127.0.0.1] [159] Application shutdown requested.
2023-06-23 01:47:33.434 [INFO] [RMI TCP Connection(10)-127.0.0.1] [173] Stopping service [Tomcat]
2023-06-23 01:47:33.435 [INFO] [RMI TCP Connection(10)-127.0.0.1] [173] Destroying Spring FrameworkServlet 'dispatcherServlet'
2023-06-23 01:47:33.442 [INFO] [RMI TCP Connection(10)-127.0.0.1] [651] Closing JPA EntityManagerFactory for persistence unit 'default'
2023-06-23 01:47:33.446 [INFO] [RMI TCP Connection(10)-127.0.0.1] [350] HikariPool-1 - Shutdown initiated...
2023-06-23 01:47:33.451 [INFO] [RMI TCP Connection(10)-127.0.0.1] [352] HikariPool-1 - Shutdown completed.
2023-06-23 01:47:35.292 [INFO] [restartedMain] [55] Starting S456Application using Java 17.0.7 on LAPTOP-64JHNQV9 with PID 6588 (C:\sts4-workspace\s456\target\classes started by Tibme_A40J in C:\sts4-workspace\s456)
2023-06-23 01:47:35.293 [INFO] [restartedMain] [631] No active profile set, falling back to 1 default profile: "default"
2023-06-23 01:47:35.340 [INFO] [restartedMain] [255] Devtools property defaults active! Set 'spring.devtools.add-properties' to 'false' to disable
2023-06-23 01:47:35.340 [INFO] [restartedMain] [255] For additional web related logging consider setting the 'logging.level.web' property to 'DEBUG'
2023-06-23 01:47:35.907 [INFO] [restartedMain] [132] Bootstrapping Spring Data JPA repositories in DEFAULT mode.
2023-06-23 01:47:35.953 [INFO] [restartedMain] [201] Finished Spring Data repository scanning in 38 ms. Found 2 JPA repository interfaces.
2023-06-23 01:47:36.497 [INFO] [restartedMain] [108] Tomcat initialized with port(s): 8080 (http)
2023-06-23 01:47:36.509 [INFO] [restartedMain] [173] Starting service [Tomcat]
2023-06-23 01:47:36.509 [INFO] [restartedMain] [173] Starting Servlet engine: [Apache Tomcat/9.0.75]
2023-06-23 01:47:36.700 [INFO] [restartedMain] [173] At least one JAR was scanned for TLDs yet contained no TLDs. Enable debug logging for this logger for a complete list of JARs that were scanned but no TLDs were found in them. Skipping unneeded JARs during scanning can improve startup time and JSP compilation time.
2023-06-23 01:47:36.710 [INFO] [restartedMain] [173] Initializing Spring embedded WebApplicationContext
2023-06-23 01:47:36.710 [INFO] [restartedMain] [292] Root WebApplicationContext: initialization completed in 1369 ms
2023-06-23 01:47:36.918 [INFO] [restartedMain] [110] HikariPool-1 - Starting...
2023-06-23 01:47:37.177 [INFO] [restartedMain] [123] HikariPool-1 - Start completed.
2023-06-23 01:47:37.219 [INFO] [restartedMain] [31] HHH000204: Processing PersistenceUnitInfo [name: default]
2023-06-23 01:47:37.259 [INFO] [restartedMain] [44] HHH000412: Hibernate ORM core version 5.6.15.Final
2023-06-23 01:47:37.411 [INFO] [restartedMain] [56] HCANN000001: Hibernate Commons Annotations {5.1.2.Final}
2023-06-23 01:47:37.493 [INFO] [restartedMain] [175] HHH000400: Using dialect: org.hibernate.dialect.MySQLDialect
2023-06-23 01:47:37.909 [INFO] [restartedMain] [52] HHH000490: Using JtaPlatform implementation: [org.hibernate.engine.transaction.jta.platform.internal.NoJtaPlatform]
2023-06-23 01:47:37.917 [INFO] [restartedMain] [437] Initialized JPA EntityManagerFactory for persistence unit 'default'
2023-06-23 01:47:38.191 [WARN] [restartedMain] [223] spring.jpa.open-in-view is enabled by default. Therefore, database queries may be performed during view rendering. Explicitly configure spring.jpa.open-in-view to disable this warning
2023-06-23 01:47:38.310 [INFO] [restartedMain] [58] Adding welcome page: class path resource [static/index.html]
2023-06-23 01:47:38.475 [INFO] [restartedMain] [59] LiveReload server is running on port 35729
2023-06-23 01:47:38.518 [INFO] [restartedMain] [220] Tomcat started on port(s): 8080 (http) with context path '/Jamigo'
2023-06-23 01:47:38.530 [INFO] [restartedMain] [61] Started S456Application in 3.572 seconds (JVM running for 4.235)
2023-06-23 01:47:45.956 [INFO] [RMI TCP Connection(8)-127.0.0.1] [159] Application shutdown requested.
2023-06-23 01:47:45.967 [INFO] [RMI TCP Connection(8)-127.0.0.1] [173] Stopping service [Tomcat]
2023-06-23 01:47:45.977 [INFO] [RMI TCP Connection(8)-127.0.0.1] [651] Closing JPA EntityManagerFactory for persistence unit 'default'
2023-06-23 01:47:45.986 [INFO] [RMI TCP Connection(8)-127.0.0.1] [350] HikariPool-1 - Shutdown initiated...
2023-06-23 01:47:45.992 [INFO] [RMI TCP Connection(8)-127.0.0.1] [352] HikariPool-1 - Shutdown completed.
2023-06-23 01:47:47.978 [INFO] [restartedMain] [55] Starting S456Application using Java 17.0.7 on LAPTOP-64JHNQV9 with PID 7552 (C:\sts4-workspace\s456\target\classes started by Tibme_A40J in C:\sts4-workspace\s456)
2023-06-23 01:47:47.980 [INFO] [restartedMain] [631] No active profile set, falling back to 1 default profile: "default"
2023-06-23 01:47:48.033 [INFO] [restartedMain] [255] Devtools property defaults active! Set 'spring.devtools.add-properties' to 'false' to disable
2023-06-23 01:47:48.034 [INFO] [restartedMain] [255] For additional web related logging consider setting the 'logging.level.web' property to 'DEBUG'
2023-06-23 01:47:48.598 [INFO] [restartedMain] [132] Bootstrapping Spring Data JPA repositories in DEFAULT mode.
2023-06-23 01:47:48.646 [INFO] [restartedMain] [201] Finished Spring Data repository scanning in 40 ms. Found 2 JPA repository interfaces.
2023-06-23 01:47:49.258 [INFO] [restartedMain] [108] Tomcat initialized with port(s): 8080 (http)
2023-06-23 01:47:49.268 [INFO] [restartedMain] [173] Starting service [Tomcat]
2023-06-23 01:47:49.268 [INFO] [restartedMain] [173] Starting Servlet engine: [Apache Tomcat/9.0.75]
2023-06-23 01:47:49.456 [INFO] [restartedMain] [173] At least one JAR was scanned for TLDs yet contained no TLDs. Enable debug logging for this logger for a complete list of JARs that were scanned but no TLDs were found in them. Skipping unneeded JARs during scanning can improve startup time and JSP compilation time.
2023-06-23 01:47:49.466 [INFO] [restartedMain] [173] Initializing Spring embedded WebApplicationContext
2023-06-23 01:47:49.467 [INFO] [restartedMain] [292] Root WebApplicationContext: initialization completed in 1433 ms
2023-06-23 01:47:49.673 [INFO] [restartedMain] [110] HikariPool-1 - Starting...
2023-06-23 01:47:49.971 [INFO] [restartedMain] [123] HikariPool-1 - Start completed.
2023-06-23 01:47:50.016 [INFO] [restartedMain] [31] HHH000204: Processing PersistenceUnitInfo [name: default]
2023-06-23 01:47:50.058 [INFO] [restartedMain] [44] HHH000412: Hibernate ORM core version 5.6.15.Final
2023-06-23 01:47:50.202 [INFO] [restartedMain] [56] HCANN000001: Hibernate Commons Annotations {5.1.2.Final}
2023-06-23 01:47:50.276 [INFO] [restartedMain] [175] HHH000400: Using dialect: org.hibernate.dialect.MySQLDialect
2023-06-23 01:47:50.732 [INFO] [restartedMain] [52] HHH000490: Using JtaPlatform implementation: [org.hibernate.engine.transaction.jta.platform.internal.NoJtaPlatform]
2023-06-23 01:47:50.741 [INFO] [restartedMain] [437] Initialized JPA EntityManagerFactory for persistence unit 'default'
2023-06-23 01:47:51.118 [WARN] [restartedMain] [223] spring.jpa.open-in-view is enabled by default. Therefore, database queries may be performed during view rendering. Explicitly configure spring.jpa.open-in-view to disable this warning
2023-06-23 01:47:51.238 [INFO] [restartedMain] [58] Adding welcome page: class path resource [static/index.html]
2023-06-23 01:47:51.401 [INFO] [restartedMain] [59] LiveReload server is running on port 35729
2023-06-23 01:47:51.445 [INFO] [restartedMain] [220] Tomcat started on port(s): 8080 (http) with context path '/Jamigo'
2023-06-23 01:47:51.456 [INFO] [restartedMain] [61] Started S456Application in 3.851 seconds (JVM running for 4.576)
2023-06-23 01:47:52.061 [INFO] [http-nio-8080-exec-1] [173] Initializing Spring DispatcherServlet 'dispatcherServlet'
2023-06-23 01:47:52.061 [INFO] [http-nio-8080-exec-1] [525] Initializing Servlet 'dispatcherServlet'
2023-06-23 01:47:52.062 [INFO] [http-nio-8080-exec-1] [547] Completed initialization in 1 ms
2023-06-23 01:48:25.776 [INFO] [RMI TCP Connection(10)-127.0.0.1] [159] Application shutdown requested.
2023-06-23 01:48:25.787 [INFO] [RMI TCP Connection(10)-127.0.0.1] [173] Stopping service [Tomcat]
2023-06-23 01:48:25.788 [INFO] [RMI TCP Connection(10)-127.0.0.1] [173] Destroying Spring FrameworkServlet 'dispatcherServlet'
2023-06-23 01:48:25.797 [INFO] [RMI TCP Connection(10)-127.0.0.1] [651] Closing JPA EntityManagerFactory for persistence unit 'default'
2023-06-23 01:48:25.799 [INFO] [RMI TCP Connection(10)-127.0.0.1] [350] HikariPool-1 - Shutdown initiated...
2023-06-23 01:48:25.804 [INFO] [RMI TCP Connection(10)-127.0.0.1] [352] HikariPool-1 - Shutdown completed.
2023-06-23 01:48:27.720 [INFO] [restartedMain] [55] Starting S456Application using Java 17.0.7 on LAPTOP-64JHNQV9 with PID 9636 (C:\sts4-workspace\s456\target\classes started by Tibme_A40J in C:\sts4-workspace\s456)
2023-06-23 01:48:27.723 [INFO] [restartedMain] [631] No active profile set, falling back to 1 default profile: "default"
2023-06-23 01:48:27.777 [INFO] [restartedMain] [255] Devtools property defaults active! Set 'spring.devtools.add-properties' to 'false' to disable
2023-06-23 01:48:27.777 [INFO] [restartedMain] [255] For additional web related logging consider setting the 'logging.level.web' property to 'DEBUG'
2023-06-23 01:48:28.334 [INFO] [restartedMain] [132] Bootstrapping Spring Data JPA repositories in DEFAULT mode.
2023-06-23 01:48:28.387 [INFO] [restartedMain] [201] Finished Spring Data repository scanning in 43 ms. Found 2 JPA repository interfaces.
2023-06-23 01:48:28.961 [INFO] [restartedMain] [108] Tomcat initialized with port(s): 8080 (http)
2023-06-23 01:48:28.970 [INFO] [restartedMain] [173] Starting service [Tomcat]
2023-06-23 01:48:28.970 [INFO] [restartedMain] [173] Starting Servlet engine: [Apache Tomcat/9.0.75]
2023-06-23 01:48:29.152 [INFO] [restartedMain] [173] At least one JAR was scanned for TLDs yet contained no TLDs. Enable debug logging for this logger for a complete list of JARs that were scanned but no TLDs were found in them. Skipping unneeded JARs during scanning can improve startup time and JSP compilation time.
2023-06-23 01:48:29.161 [INFO] [restartedMain] [173] Initializing Spring embedded WebApplicationContext
2023-06-23 01:48:29.162 [INFO] [restartedMain] [292] Root WebApplicationContext: initialization completed in 1385 ms
2023-06-23 01:48:29.361 [INFO] [restartedMain] [110] HikariPool-1 - Starting...
2023-06-23 01:48:29.626 [INFO] [restartedMain] [123] HikariPool-1 - Start completed.
2023-06-23 01:48:29.663 [INFO] [restartedMain] [31] HHH000204: Processing PersistenceUnitInfo [name: default]
2023-06-23 01:48:29.699 [INFO] [restartedMain] [44] HHH000412: Hibernate ORM core version 5.6.15.Final
2023-06-23 01:48:29.845 [INFO] [restartedMain] [56] HCANN000001: Hibernate Commons Annotations {5.1.2.Final}
2023-06-23 01:48:29.921 [INFO] [restartedMain] [175] HHH000400: Using dialect: org.hibernate.dialect.MySQLDialect
2023-06-23 01:48:30.360 [INFO] [restartedMain] [52] HHH000490: Using JtaPlatform implementation: [org.hibernate.engine.transaction.jta.platform.internal.NoJtaPlatform]
2023-06-23 01:48:30.369 [INFO] [restartedMain] [437] Initialized JPA EntityManagerFactory for persistence unit 'default'
2023-06-23 01:48:30.730 [WARN] [restartedMain] [223] spring.jpa.open-in-view is enabled by default. Therefore, database queries may be performed during view rendering. Explicitly configure spring.jpa.open-in-view to disable this warning
2023-06-23 01:48:30.862 [INFO] [restartedMain] [58] Adding welcome page: class path resource [static/index.html]
2023-06-23 01:48:31.041 [INFO] [restartedMain] [59] LiveReload server is running on port 35729
2023-06-23 01:48:31.101 [INFO] [restartedMain] [220] Tomcat started on port(s): 8080 (http) with context path '/Jamigo'
2023-06-23 01:48:31.112 [INFO] [restartedMain] [61] Started S456Application in 3.741 seconds (JVM running for 4.452)
2023-06-23 01:49:09.986 [INFO] [http-nio-8080-exec-1] [173] Initializing Spring DispatcherServlet 'dispatcherServlet'
2023-06-23 01:49:09.986 [INFO] [http-nio-8080-exec-1] [525] Initializing Servlet 'dispatcherServlet'
2023-06-23 01:49:09.987 [INFO] [http-nio-8080-exec-1] [547] Completed initialization in 1 ms
2023-06-23 01:49:33.737 [INFO] [RMI TCP Connection(9)-127.0.0.1] [159] Application shutdown requested.
2023-06-23 01:49:33.747 [INFO] [RMI TCP Connection(9)-127.0.0.1] [173] Stopping service [Tomcat]
2023-06-23 01:49:33.748 [INFO] [RMI TCP Connection(9)-127.0.0.1] [173] Destroying Spring FrameworkServlet 'dispatcherServlet'
2023-06-23 01:49:33.757 [INFO] [RMI TCP Connection(9)-127.0.0.1] [651] Closing JPA EntityManagerFactory for persistence unit 'default'
2023-06-23 01:49:33.761 [INFO] [RMI TCP Connection(9)-127.0.0.1] [350] HikariPool-1 - Shutdown initiated...
2023-06-23 01:49:33.766 [INFO] [RMI TCP Connection(9)-127.0.0.1] [352] HikariPool-1 - Shutdown completed.
2023-06-23 01:50:06.264 [INFO] [restartedMain] [55] Starting S456Application using Java 17.0.7 on LAPTOP-64JHNQV9 with PID 6892 (C:\sts4-workspace\s456\target\classes started by Tibme_A40J in C:\sts4-workspace\s456)
2023-06-23 01:50:06.266 [INFO] [restartedMain] [631] No active profile set, falling back to 1 default profile: "default"
2023-06-23 01:50:06.321 [INFO] [restartedMain] [255] Devtools property defaults active! Set 'spring.devtools.add-properties' to 'false' to disable
2023-06-23 01:50:06.322 [INFO] [restartedMain] [255] For additional web related logging consider setting the 'logging.level.web' property to 'DEBUG'
2023-06-23 01:50:06.866 [INFO] [restartedMain] [132] Bootstrapping Spring Data JPA repositories in DEFAULT mode.
2023-06-23 01:50:06.917 [INFO] [restartedMain] [201] Finished Spring Data repository scanning in 42 ms. Found 2 JPA repository interfaces.
2023-06-23 01:50:07.468 [INFO] [restartedMain] [108] Tomcat initialized with port(s): 8080 (http)
2023-06-23 01:50:07.477 [INFO] [restartedMain] [173] Starting service [Tomcat]
2023-06-23 01:50:07.477 [INFO] [restartedMain] [173] Starting Servlet engine: [Apache Tomcat/9.0.75]
2023-06-23 01:50:07.658 [INFO] [restartedMain] [173] At least one JAR was scanned for TLDs yet contained no TLDs. Enable debug logging for this logger for a complete list of JARs that were scanned but no TLDs were found in them. Skipping unneeded JARs during scanning can improve startup time and JSP compilation time.
2023-06-23 01:50:07.667 [INFO] [restartedMain] [173] Initializing Spring embedded WebApplicationContext
2023-06-23 01:50:07.667 [INFO] [restartedMain] [292] Root WebApplicationContext: initialization completed in 1344 ms
2023-06-23 01:50:07.852 [INFO] [restartedMain] [110] HikariPool-1 - Starting...
2023-06-23 01:50:08.116 [INFO] [restartedMain] [123] HikariPool-1 - Start completed.
2023-06-23 01:50:08.160 [INFO] [restartedMain] [31] HHH000204: Processing PersistenceUnitInfo [name: default]
2023-06-23 01:50:08.197 [INFO] [restartedMain] [44] HHH000412: Hibernate ORM core version 5.6.15.Final
2023-06-23 01:50:08.344 [INFO] [restartedMain] [56] HCANN000001: Hibernate Commons Annotations {5.1.2.Final}
2023-06-23 01:50:08.426 [INFO] [restartedMain] [175] HHH000400: Using dialect: org.hibernate.dialect.MySQLDialect
2023-06-23 01:50:08.810 [INFO] [restartedMain] [52] HHH000490: Using JtaPlatform implementation: [org.hibernate.engine.transaction.jta.platform.internal.NoJtaPlatform]
2023-06-23 01:50:08.823 [INFO] [restartedMain] [437] Initialized JPA EntityManagerFactory for persistence unit 'default'
2023-06-23 01:50:09.144 [WARN] [restartedMain] [223] spring.jpa.open-in-view is enabled by default. Therefore, database queries may be performed during view rendering. Explicitly configure spring.jpa.open-in-view to disable this warning
2023-06-23 01:50:09.268 [INFO] [restartedMain] [58] Adding welcome page: class path resource [static/index.html]
2023-06-23 01:50:09.425 [INFO] [restartedMain] [59] LiveReload server is running on port 35729
2023-06-23 01:50:09.468 [INFO] [restartedMain] [220] Tomcat started on port(s): 8080 (http) with context path '/Jamigo'
2023-06-23 01:50:09.477 [INFO] [restartedMain] [61] Started S456Application in 3.572 seconds (JVM running for 4.269)
2023-06-23 01:50:19.989 [INFO] [http-nio-8080-exec-2] [173] Initializing Spring DispatcherServlet 'dispatcherServlet'
2023-06-23 01:50:19.990 [INFO] [http-nio-8080-exec-2] [525] Initializing Servlet 'dispatcherServlet'
2023-06-23 01:50:19.991 [INFO] [http-nio-8080-exec-2] [547] Completed initialization in 1 ms
2023-06-23 01:51:38.093 [INFO] [RMI TCP Connection(11)-127.0.0.1] [159] Application shutdown requested.
2023-06-23 01:51:38.105 [INFO] [RMI TCP Connection(11)-127.0.0.1] [173] Stopping service [Tomcat]
2023-06-23 01:51:38.107 [INFO] [RMI TCP Connection(11)-127.0.0.1] [173] Destroying Spring FrameworkServlet 'dispatcherServlet'
2023-06-23 01:51:38.115 [INFO] [RMI TCP Connection(11)-127.0.0.1] [651] Closing JPA EntityManagerFactory for persistence unit 'default'
2023-06-23 01:51:38.119 [INFO] [RMI TCP Connection(11)-127.0.0.1] [350] HikariPool-1 - Shutdown initiated...
2023-06-23 01:51:38.125 [INFO] [RMI TCP Connection(11)-127.0.0.1] [352] HikariPool-1 - Shutdown completed.
2023-06-23 01:53:16.949 [INFO] [restartedMain] [55] Starting S456Application using Java 17.0.7 on LAPTOP-64JHNQV9 with PID 15464 (C:\sts4-workspace\s456\target\classes started by Tibme_A40J in C:\sts4-workspace\s456)
2023-06-23 01:53:16.963 [INFO] [restartedMain] [631] No active profile set, falling back to 1 default profile: "default"
2023-06-23 01:53:17.110 [INFO] [restartedMain] [255] Devtools property defaults active! Set 'spring.devtools.add-properties' to 'false' to disable
2023-06-23 01:53:17.116 [INFO] [restartedMain] [255] For additional web related logging consider setting the 'logging.level.web' property to 'DEBUG'
2023-06-23 01:53:18.074 [INFO] [restartedMain] [132] Bootstrapping Spring Data JPA repositories in DEFAULT mode.
2023-06-23 01:53:18.127 [INFO] [restartedMain] [201] Finished Spring Data repository scanning in 45 ms. Found 2 JPA repository interfaces.
2023-06-23 01:53:19.091 [INFO] [restartedMain] [108] Tomcat initialized with port(s): 8080 (http)
2023-06-23 01:53:19.103 [INFO] [restartedMain] [173] Starting service [Tomcat]
2023-06-23 01:53:19.104 [INFO] [restartedMain] [173] Starting Servlet engine: [Apache Tomcat/9.0.75]
2023-06-23 01:53:19.331 [INFO] [restartedMain] [173] At least one JAR was scanned for TLDs yet contained no TLDs. Enable debug logging for this logger for a complete list of JARs that were scanned but no TLDs were found in them. Skipping unneeded JARs during scanning can improve startup time and JSP compilation time.
2023-06-23 01:53:19.341 [INFO] [restartedMain] [173] Initializing Spring embedded WebApplicationContext
2023-06-23 01:53:19.342 [INFO] [restartedMain] [292] Root WebApplicationContext: initialization completed in 2222 ms
2023-06-23 01:53:19.595 [INFO] [restartedMain] [110] HikariPool-1 - Starting...
2023-06-23 01:53:19.938 [INFO] [restartedMain] [123] HikariPool-1 - Start completed.
2023-06-23 01:53:19.992 [INFO] [restartedMain] [31] HHH000204: Processing PersistenceUnitInfo [name: default]
2023-06-23 01:53:20.037 [INFO] [restartedMain] [44] HHH000412: Hibernate ORM core version 5.6.15.Final
2023-06-23 01:53:20.219 [INFO] [restartedMain] [56] HCANN000001: Hibernate Commons Annotations {5.1.2.Final}
2023-06-23 01:53:20.316 [INFO] [restartedMain] [175] HHH000400: Using dialect: org.hibernate.dialect.MySQLDialect
2023-06-23 01:53:20.828 [INFO] [restartedMain] [52] HHH000490: Using JtaPlatform implementation: [org.hibernate.engine.transaction.jta.platform.internal.NoJtaPlatform]
2023-06-23 01:53:20.839 [INFO] [restartedMain] [437] Initialized JPA EntityManagerFactory for persistence unit 'default'
2023-06-23 01:53:21.228 [WARN] [restartedMain] [223] spring.jpa.open-in-view is enabled by default. Therefore, database queries may be performed during view rendering. Explicitly configure spring.jpa.open-in-view to disable this warning
2023-06-23 01:53:21.381 [INFO] [restartedMain] [58] Adding welcome page: class path resource [static/index.html]
2023-06-23 01:53:21.605 [INFO] [restartedMain] [59] LiveReload server is running on port 35729
2023-06-23 01:53:21.649 [INFO] [restartedMain] [220] Tomcat started on port(s): 8080 (http) with context path '/Jamigo'
2023-06-23 01:53:21.660 [INFO] [restartedMain] [61] Started S456Application in 5.638 seconds (JVM running for 6.664)
2023-06-23 01:53:34.045 [INFO] [http-nio-8080-exec-2] [173] Initializing Spring DispatcherServlet 'dispatcherServlet'
2023-06-23 01:53:34.045 [INFO] [http-nio-8080-exec-2] [525] Initializing Servlet 'dispatcherServlet'
2023-06-23 01:53:34.049 [INFO] [http-nio-8080-exec-2] [547] Completed initialization in 3 ms
2023-06-23 01:54:39.989 [INFO] [RMI TCP Connection(12)-127.0.0.1] [159] Application shutdown requested.
2023-06-23 01:54:39.999 [INFO] [RMI TCP Connection(12)-127.0.0.1] [173] Stopping service [Tomcat]
2023-06-23 01:54:40.000 [INFO] [RMI TCP Connection(12)-127.0.0.1] [173] Destroying Spring FrameworkServlet 'dispatcherServlet'
2023-06-23 01:54:40.008 [INFO] [RMI TCP Connection(12)-127.0.0.1] [651] Closing JPA EntityManagerFactory for persistence unit 'default'
2023-06-23 01:54:40.012 [INFO] [RMI TCP Connection(12)-127.0.0.1] [350] HikariPool-1 - Shutdown initiated...
2023-06-23 01:54:40.017 [INFO] [RMI TCP Connection(12)-127.0.0.1] [352] HikariPool-1 - Shutdown completed.
2023-06-23 01:54:41.899 [INFO] [restartedMain] [55] Starting S456Application using Java 17.0.7 on LAPTOP-64JHNQV9 with PID 16988 (C:\sts4-workspace\s456\target\classes started by Tibme_A40J in C:\sts4-workspace\s456)
2023-06-23 01:54:41.900 [INFO] [restartedMain] [631] No active profile set, falling back to 1 default profile: "default"
2023-06-23 01:54:41.960 [INFO] [restartedMain] [255] Devtools property defaults active! Set 'spring.devtools.add-properties' to 'false' to disable
2023-06-23 01:54:41.960 [INFO] [restartedMain] [255] For additional web related logging consider setting the 'logging.level.web' property to 'DEBUG'
2023-06-23 01:54:42.569 [INFO] [restartedMain] [132] Bootstrapping Spring Data JPA repositories in DEFAULT mode.
2023-06-23 01:54:42.617 [INFO] [restartedMain] [201] Finished Spring Data repository scanning in 38 ms. Found 2 JPA repository interfaces.
2023-06-23 01:54:43.145 [INFO] [restartedMain] [108] Tomcat initialized with port(s): 8080 (http)
2023-06-23 01:54:43.152 [INFO] [restartedMain] [173] Starting service [Tomcat]
2023-06-23 01:54:43.153 [INFO] [restartedMain] [173] Starting Servlet engine: [Apache Tomcat/9.0.75]
2023-06-23 01:54:43.349 [INFO] [restartedMain] [173] At least one JAR was scanned for TLDs yet contained no TLDs. Enable debug logging for this logger for a complete list of JARs that were scanned but no TLDs were found in them. Skipping unneeded JARs during scanning can improve startup time and JSP compilation time.
2023-06-23 01:54:43.357 [INFO] [restartedMain] [173] Initializing Spring embedded WebApplicationContext
2023-06-23 01:54:43.358 [INFO] [restartedMain] [292] Root WebApplicationContext: initialization completed in 1396 ms
2023-06-23 01:54:43.591 [INFO] [restartedMain] [110] HikariPool-1 - Starting...
2023-06-23 01:54:43.880 [INFO] [restartedMain] [123] HikariPool-1 - Start completed.
2023-06-23 01:54:43.916 [INFO] [restartedMain] [31] HHH000204: Processing PersistenceUnitInfo [name: default]
2023-06-23 01:54:43.961 [INFO] [restartedMain] [44] HHH000412: Hibernate ORM core version 5.6.15.Final
2023-06-23 01:54:44.111 [INFO] [restartedMain] [56] HCANN000001: Hibernate Commons Annotations {5.1.2.Final}
2023-06-23 01:54:44.191 [INFO] [restartedMain] [175] HHH000400: Using dialect: org.hibernate.dialect.MySQLDialect
2023-06-23 01:54:44.631 [INFO] [restartedMain] [52] HHH000490: Using JtaPlatform implementation: [org.hibernate.engine.transaction.jta.platform.internal.NoJtaPlatform]
2023-06-23 01:54:44.644 [INFO] [restartedMain] [437] Initialized JPA EntityManagerFactory for persistence unit 'default'
2023-06-23 01:54:44.954 [WARN] [restartedMain] [223] spring.jpa.open-in-view is enabled by default. Therefore, database queries may be performed during view rendering. Explicitly configure spring.jpa.open-in-view to disable this warning
2023-06-23 01:54:45.080 [INFO] [restartedMain] [58] Adding welcome page: class path resource [static/index.html]
2023-06-23 01:54:45.245 [INFO] [restartedMain] [59] LiveReload server is running on port 35729
2023-06-23 01:54:45.290 [INFO] [restartedMain] [220] Tomcat started on port(s): 8080 (http) with context path '/Jamigo'
2023-06-23 01:54:45.305 [INFO] [restartedMain] [61] Started S456Application in 3.757 seconds (JVM running for 4.506)
2023-06-23 01:54:45.509 [INFO] [http-nio-8080-exec-1] [173] Initializing Spring DispatcherServlet 'dispatcherServlet'
2023-06-23 01:54:45.509 [INFO] [http-nio-8080-exec-1] [525] Initializing Servlet 'dispatcherServlet'
2023-06-23 01:54:45.510 [INFO] [http-nio-8080-exec-1] [547] Completed initialization in 1 ms
2023-06-23 01:55:15.441 [INFO] [RMI TCP Connection(10)-127.0.0.1] [159] Application shutdown requested.
2023-06-23 01:55:15.450 [INFO] [RMI TCP Connection(10)-127.0.0.1] [173] Stopping service [Tomcat]
2023-06-23 01:55:15.451 [INFO] [RMI TCP Connection(10)-127.0.0.1] [173] Destroying Spring FrameworkServlet 'dispatcherServlet'
2023-06-23 01:55:15.461 [INFO] [RMI TCP Connection(10)-127.0.0.1] [651] Closing JPA EntityManagerFactory for persistence unit 'default'
2023-06-23 01:55:15.464 [INFO] [RMI TCP Connection(10)-127.0.0.1] [350] HikariPool-1 - Shutdown initiated...
2023-06-23 01:55:15.470 [INFO] [RMI TCP Connection(10)-127.0.0.1] [352] HikariPool-1 - Shutdown completed.
2023-06-23 01:55:17.490 [INFO] [restartedMain] [55] Starting S456Application using Java 17.0.7 on LAPTOP-64JHNQV9 with PID 12296 (C:\sts4-workspace\s456\target\classes started by Tibme_A40J in C:\sts4-workspace\s456)
2023-06-23 01:55:17.492 [INFO] [restartedMain] [631] No active profile set, falling back to 1 default profile: "default"
2023-06-23 01:55:17.540 [INFO] [restartedMain] [255] Devtools property defaults active! Set 'spring.devtools.add-properties' to 'false' to disable
2023-06-23 01:55:17.540 [INFO] [restartedMain] [255] For additional web related logging consider setting the 'logging.level.web' property to 'DEBUG'
2023-06-23 01:55:18.185 [INFO] [restartedMain] [132] Bootstrapping Spring Data JPA repositories in DEFAULT mode.
2023-06-23 01:55:18.241 [INFO] [restartedMain] [201] Finished Spring Data repository scanning in 44 ms. Found 2 JPA repository interfaces.
2023-06-23 01:55:18.876 [INFO] [restartedMain] [108] Tomcat initialized with port(s): 8080 (http)
2023-06-23 01:55:18.884 [INFO] [restartedMain] [173] Starting service [Tomcat]
2023-06-23 01:55:18.885 [INFO] [restartedMain] [173] Starting Servlet engine: [Apache Tomcat/9.0.75]
2023-06-23 01:55:19.075 [INFO] [restartedMain] [173] At least one JAR was scanned for TLDs yet contained no TLDs. Enable debug logging for this logger for a complete list of JARs that were scanned but no TLDs were found in them. Skipping unneeded JARs during scanning can improve startup time and JSP compilation time.
2023-06-23 01:55:19.085 [INFO] [restartedMain] [173] Initializing Spring embedded WebApplicationContext
2023-06-23 01:55:19.086 [INFO] [restartedMain] [292] Root WebApplicationContext: initialization completed in 1545 ms
2023-06-23 01:55:19.283 [INFO] [restartedMain] [110] HikariPool-1 - Starting...
2023-06-23 01:55:19.565 [INFO] [restartedMain] [123] HikariPool-1 - Start completed.
2023-06-23 01:55:19.610 [INFO] [restartedMain] [31] HHH000204: Processing PersistenceUnitInfo [name: default]
2023-06-23 01:55:19.651 [INFO] [restartedMain] [44] HHH000412: Hibernate ORM core version 5.6.15.Final
2023-06-23 01:55:19.827 [INFO] [restartedMain] [56] HCANN000001: Hibernate Commons Annotations {5.1.2.Final}
2023-06-23 01:55:19.952 [INFO] [restartedMain] [175] HHH000400: Using dialect: org.hibernate.dialect.MySQLDialect
2023-06-23 01:55:20.470 [INFO] [restartedMain] [52] HHH000490: Using JtaPlatform implementation: [org.hibernate.engine.transaction.jta.platform.internal.NoJtaPlatform]
2023-06-23 01:55:20.481 [INFO] [restartedMain] [437] Initialized JPA EntityManagerFactory for persistence unit 'default'
2023-06-23 01:55:20.911 [WARN] [restartedMain] [223] spring.jpa.open-in-view is enabled by default. Therefore, database queries may be performed during view rendering. Explicitly configure spring.jpa.open-in-view to disable this warning
2023-06-23 01:55:21.068 [INFO] [restartedMain] [58] Adding welcome page: class path resource [static/index.html]
2023-06-23 01:55:21.274 [INFO] [restartedMain] [59] LiveReload server is running on port 35729
2023-06-23 01:55:21.335 [INFO] [restartedMain] [220] Tomcat started on port(s): 8080 (http) with context path '/Jamigo'
2023-06-23 01:55:21.347 [INFO] [restartedMain] [61] Started S456Application in 4.216 seconds (JVM running for 4.958)
2023-06-23 01:55:21.459 [INFO] [http-nio-8080-exec-1] [173] Initializing Spring DispatcherServlet 'dispatcherServlet'
2023-06-23 01:55:21.459 [INFO] [http-nio-8080-exec-1] [525] Initializing Servlet 'dispatcherServlet'
2023-06-23 01:55:21.460 [INFO] [http-nio-8080-exec-1] [547] Completed initialization in 1 ms
2023-06-23 01:56:39.819 [INFO] [RMI TCP Connection(10)-127.0.0.1] [159] Application shutdown requested.
2023-06-23 01:56:39.829 [INFO] [RMI TCP Connection(10)-127.0.0.1] [173] Stopping service [Tomcat]
2023-06-23 01:56:39.830 [INFO] [RMI TCP Connection(10)-127.0.0.1] [173] Destroying Spring FrameworkServlet 'dispatcherServlet'
2023-06-23 01:56:39.840 [INFO] [RMI TCP Connection(10)-127.0.0.1] [651] Closing JPA EntityManagerFactory for persistence unit 'default'
2023-06-23 01:56:39.843 [INFO] [RMI TCP Connection(10)-127.0.0.1] [350] HikariPool-1 - Shutdown initiated...
2023-06-23 01:56:39.848 [INFO] [RMI TCP Connection(10)-127.0.0.1] [352] HikariPool-1 - Shutdown completed.
2023-06-23 01:56:42.000 [INFO] [restartedMain] [55] Starting S456Application using Java 17.0.7 on LAPTOP-64JHNQV9 with PID 4316 (C:\sts4-workspace\s456\target\classes started by Tibme_A40J in C:\sts4-workspace\s456)
2023-06-23 01:56:42.003 [INFO] [restartedMain] [631] No active profile set, falling back to 1 default profile: "default"
2023-06-23 01:56:42.058 [INFO] [restartedMain] [255] Devtools property defaults active! Set 'spring.devtools.add-properties' to 'false' to disable
2023-06-23 01:56:42.058 [INFO] [restartedMain] [255] For additional web related logging consider setting the 'logging.level.web' property to 'DEBUG'
2023-06-23 01:56:42.653 [INFO] [restartedMain] [132] Bootstrapping Spring Data JPA repositories in DEFAULT mode.
2023-06-23 01:56:42.708 [INFO] [restartedMain] [201] Finished Spring Data repository scanning in 45 ms. Found 2 JPA repository interfaces.
2023-06-23 01:56:43.290 [INFO] [restartedMain] [108] Tomcat initialized with port(s): 8080 (http)
2023-06-23 01:56:43.298 [INFO] [restartedMain] [173] Starting service [Tomcat]
2023-06-23 01:56:43.300 [INFO] [restartedMain] [173] Starting Servlet engine: [Apache Tomcat/9.0.75]
2023-06-23 01:56:43.481 [INFO] [restartedMain] [173] At least one JAR was scanned for TLDs yet contained no TLDs. Enable debug logging for this logger for a complete list of JARs that were scanned but no TLDs were found in them. Skipping unneeded JARs during scanning can improve startup time and JSP compilation time.
2023-06-23 01:56:43.492 [INFO] [restartedMain] [173] Initializing Spring embedded WebApplicationContext
2023-06-23 01:56:43.492 [INFO] [restartedMain] [292] Root WebApplicationContext: initialization completed in 1433 ms
2023-06-23 01:56:43.690 [INFO] [restartedMain] [110] HikariPool-1 - Starting...
2023-06-23 01:56:43.958 [INFO] [restartedMain] [123] HikariPool-1 - Start completed.
2023-06-23 01:56:44.001 [INFO] [restartedMain] [31] HHH000204: Processing PersistenceUnitInfo [name: default]
2023-06-23 01:56:44.042 [INFO] [restartedMain] [44] HHH000412: Hibernate ORM core version 5.6.15.Final
2023-06-23 01:56:44.198 [INFO] [restartedMain] [56] HCANN000001: Hibernate Commons Annotations {5.1.2.Final}
2023-06-23 01:56:44.277 [INFO] [restartedMain] [175] HHH000400: Using dialect: org.hibernate.dialect.MySQLDialect
2023-06-23 01:56:44.765 [INFO] [restartedMain] [52] HHH000490: Using JtaPlatform implementation: [org.hibernate.engine.transaction.jta.platform.internal.NoJtaPlatform]
2023-06-23 01:56:44.773 [INFO] [restartedMain] [437] Initialized JPA EntityManagerFactory for persistence unit 'default'
2023-06-23 01:56:45.054 [WARN] [restartedMain] [223] spring.jpa.open-in-view is enabled by default. Therefore, database queries may be performed during view rendering. Explicitly configure spring.jpa.open-in-view to disable this warning
2023-06-23 01:56:45.178 [INFO] [restartedMain] [58] Adding welcome page: class path resource [static/index.html]
2023-06-23 01:56:45.414 [INFO] [restartedMain] [59] LiveReload server is running on port 35729
2023-06-23 01:56:45.457 [INFO] [restartedMain] [220] Tomcat started on port(s): 8080 (http) with context path '/Jamigo'
2023-06-23 01:56:45.468 [INFO] [restartedMain] [61] Started S456Application in 3.843 seconds (JVM running for 4.638)
2023-06-23 01:56:45.723 [INFO] [http-nio-8080-exec-1] [173] Initializing Spring DispatcherServlet 'dispatcherServlet'
2023-06-23 01:56:45.724 [INFO] [http-nio-8080-exec-1] [525] Initializing Servlet 'dispatcherServlet'
2023-06-23 01:56:45.724 [INFO] [http-nio-8080-exec-1] [547] Completed initialization in 0 ms
2023-06-23 01:57:01.019 [INFO] [RMI TCP Connection(7)-127.0.0.1] [159] Application shutdown requested.
2023-06-23 01:57:01.030 [INFO] [RMI TCP Connection(7)-127.0.0.1] [173] Stopping service [Tomcat]
2023-06-23 01:57:01.031 [INFO] [RMI TCP Connection(7)-127.0.0.1] [173] Destroying Spring FrameworkServlet 'dispatcherServlet'
2023-06-23 01:57:01.040 [INFO] [RMI TCP Connection(7)-127.0.0.1] [651] Closing JPA EntityManagerFactory for persistence unit 'default'
2023-06-23 01:57:01.043 [INFO] [RMI TCP Connection(7)-127.0.0.1] [350] HikariPool-1 - Shutdown initiated...
2023-06-23 01:57:01.052 [INFO] [RMI TCP Connection(7)-127.0.0.1] [352] HikariPool-1 - Shutdown completed.
2023-06-23 01:57:52.109 [INFO] [restartedMain] [55] Starting S456Application using Java 17.0.7 on LAPTOP-64JHNQV9 with PID 15732 (C:\sts4-workspace\s456\target\classes started by Tibme_A40J in C:\sts4-workspace\s456)
2023-06-23 01:57:52.111 [INFO] [restartedMain] [631] No active profile set, falling back to 1 default profile: "default"
2023-06-23 01:57:52.161 [INFO] [restartedMain] [255] Devtools property defaults active! Set 'spring.devtools.add-properties' to 'false' to disable
2023-06-23 01:57:52.162 [INFO] [restartedMain] [255] For additional web related logging consider setting the 'logging.level.web' property to 'DEBUG'
2023-06-23 01:57:52.750 [INFO] [restartedMain] [132] Bootstrapping Spring Data JPA repositories in DEFAULT mode.
2023-06-23 01:57:52.798 [INFO] [restartedMain] [201] Finished Spring Data repository scanning in 38 ms. Found 2 JPA repository interfaces.
2023-06-23 01:57:53.424 [INFO] [restartedMain] [108] Tomcat initialized with port(s): 8080 (http)
2023-06-23 01:57:53.435 [INFO] [restartedMain] [173] Starting service [Tomcat]
2023-06-23 01:57:53.435 [INFO] [restartedMain] [173] Starting Servlet engine: [Apache Tomcat/9.0.75]
2023-06-23 01:57:53.639 [INFO] [restartedMain] [173] At least one JAR was scanned for TLDs yet contained no TLDs. Enable debug logging for this logger for a complete list of JARs that were scanned but no TLDs were found in them. Skipping unneeded JARs during scanning can improve startup time and JSP compilation time.
2023-06-23 01:57:53.647 [INFO] [restartedMain] [173] Initializing Spring embedded WebApplicationContext
2023-06-23 01:57:53.648 [INFO] [restartedMain] [292] Root WebApplicationContext: initialization completed in 1486 ms
2023-06-23 01:57:53.874 [INFO] [restartedMain] [110] HikariPool-1 - Starting...
2023-06-23 01:57:54.237 [INFO] [restartedMain] [123] HikariPool-1 - Start completed.
2023-06-23 01:57:54.286 [INFO] [restartedMain] [31] HHH000204: Processing PersistenceUnitInfo [name: default]
2023-06-23 01:57:54.328 [INFO] [restartedMain] [44] HHH000412: Hibernate ORM core version 5.6.15.Final
2023-06-23 01:57:54.556 [INFO] [restartedMain] [56] HCANN000001: Hibernate Commons Annotations {5.1.2.Final}
2023-06-23 01:57:54.679 [INFO] [restartedMain] [175] HHH000400: Using dialect: org.hibernate.dialect.MySQLDialect
2023-06-23 01:57:55.135 [INFO] [restartedMain] [52] HHH000490: Using JtaPlatform implementation: [org.hibernate.engine.transaction.jta.platform.internal.NoJtaPlatform]
2023-06-23 01:57:55.145 [INFO] [restartedMain] [437] Initialized JPA EntityManagerFactory for persistence unit 'default'
2023-06-23 01:57:55.449 [WARN] [restartedMain] [223] spring.jpa.open-in-view is enabled by default. Therefore, database queries may be performed during view rendering. Explicitly configure spring.jpa.open-in-view to disable this warning
2023-06-23 01:57:55.579 [INFO] [restartedMain] [58] Adding welcome page: class path resource [static/index.html]
2023-06-23 01:57:55.776 [INFO] [restartedMain] [59] LiveReload server is running on port 35729
2023-06-23 01:57:55.824 [INFO] [restartedMain] [220] Tomcat started on port(s): 8080 (http) with context path '/Jamigo'
2023-06-23 01:57:55.834 [INFO] [restartedMain] [61] Started S456Application in 4.103 seconds (JVM running for 4.848)
2023-06-23 01:57:55.943 [INFO] [http-nio-8080-exec-3] [173] Initializing Spring DispatcherServlet 'dispatcherServlet'
2023-06-23 01:57:55.944 [INFO] [http-nio-8080-exec-3] [525] Initializing Servlet 'dispatcherServlet'
2023-06-23 01:57:55.945 [INFO] [http-nio-8080-exec-3] [547] Completed initialization in 1 ms
2023-06-23 02:01:05.320 [INFO] [RMI TCP Connection(9)-127.0.0.1] [159] Application shutdown requested.
2023-06-23 02:01:05.329 [INFO] [RMI TCP Connection(9)-127.0.0.1] [173] Stopping service [Tomcat]
2023-06-23 02:01:05.331 [INFO] [RMI TCP Connection(9)-127.0.0.1] [173] Destroying Spring FrameworkServlet 'dispatcherServlet'
2023-06-23 02:01:05.339 [INFO] [RMI TCP Connection(9)-127.0.0.1] [651] Closing JPA EntityManagerFactory for persistence unit 'default'
2023-06-23 02:01:05.343 [INFO] [RMI TCP Connection(9)-127.0.0.1] [350] HikariPool-1 - Shutdown initiated...
2023-06-23 02:01:05.348 [INFO] [RMI TCP Connection(9)-127.0.0.1] [352] HikariPool-1 - Shutdown completed.
2023-06-23 02:01:07.283 [INFO] [restartedMain] [55] Starting S456Application using Java 17.0.7 on LAPTOP-64JHNQV9 with PID 13096 (C:\sts4-workspace\s456\target\classes started by Tibme_A40J in C:\sts4-workspace\s456)
2023-06-23 02:01:07.286 [INFO] [restartedMain] [631] No active profile set, falling back to 1 default profile: "default"
2023-06-23 02:01:07.340 [INFO] [restartedMain] [255] Devtools property defaults active! Set 'spring.devtools.add-properties' to 'false' to disable
2023-06-23 02:01:07.340 [INFO] [restartedMain] [255] For additional web related logging consider setting the 'logging.level.web' property to 'DEBUG'
2023-06-23 02:01:07.955 [INFO] [restartedMain] [132] Bootstrapping Spring Data JPA repositories in DEFAULT mode.
2023-06-23 02:01:08.010 [INFO] [restartedMain] [201] Finished Spring Data repository scanning in 45 ms. Found 2 JPA repository interfaces.
2023-06-23 02:01:08.607 [INFO] [restartedMain] [108] Tomcat initialized with port(s): 8080 (http)
2023-06-23 02:01:08.620 [INFO] [restartedMain] [173] Starting service [Tomcat]
2023-06-23 02:01:08.621 [INFO] [restartedMain] [173] Starting Servlet engine: [Apache Tomcat/9.0.75]
2023-06-23 02:01:08.823 [INFO] [restartedMain] [173] At least one JAR was scanned for TLDs yet contained no TLDs. Enable debug logging for this logger for a complete list of JARs that were scanned but no TLDs were found in them. Skipping unneeded JARs during scanning can improve startup time and JSP compilation time.
2023-06-23 02:01:08.831 [INFO] [restartedMain] [173] Initializing Spring embedded WebApplicationContext
2023-06-23 02:01:08.831 [INFO] [restartedMain] [292] Root WebApplicationContext: initialization completed in 1490 ms
2023-06-23 02:01:09.041 [INFO] [restartedMain] [110] HikariPool-1 - Starting...
2023-06-23 02:01:09.330 [INFO] [restartedMain] [123] HikariPool-1 - Start completed.
2023-06-23 02:01:09.376 [INFO] [restartedMain] [31] HHH000204: Processing PersistenceUnitInfo [name: default]
2023-06-23 02:01:09.416 [INFO] [restartedMain] [44] HHH000412: Hibernate ORM core version 5.6.15.Final
2023-06-23 02:01:09.574 [INFO] [restartedMain] [56] HCANN000001: Hibernate Commons Annotations {5.1.2.Final}
2023-06-23 02:01:09.657 [INFO] [restartedMain] [175] HHH000400: Using dialect: org.hibernate.dialect.MySQLDialect
2023-06-23 02:01:10.119 [INFO] [restartedMain] [52] HHH000490: Using JtaPlatform implementation: [org.hibernate.engine.transaction.jta.platform.internal.NoJtaPlatform]
2023-06-23 02:01:10.128 [INFO] [restartedMain] [437] Initialized JPA EntityManagerFactory for persistence unit 'default'
2023-06-23 02:01:10.559 [WARN] [restartedMain] [223] spring.jpa.open-in-view is enabled by default. Therefore, database queries may be performed during view rendering. Explicitly configure spring.jpa.open-in-view to disable this warning
2023-06-23 02:01:10.685 [INFO] [restartedMain] [58] Adding welcome page: class path resource [static/index.html]
2023-06-23 02:01:10.857 [INFO] [restartedMain] [59] LiveReload server is running on port 35729
2023-06-23 02:01:10.912 [INFO] [restartedMain] [220] Tomcat started on port(s): 8080 (http) with context path '/Jamigo'
2023-06-23 02:01:10.922 [INFO] [restartedMain] [61] Started S456Application in 4.013 seconds (JVM running for 4.691)
2023-06-23 02:01:11.101 [INFO] [http-nio-8080-exec-5] [173] Initializing Spring DispatcherServlet 'dispatcherServlet'
2023-06-23 02:01:11.102 [INFO] [http-nio-8080-exec-5] [525] Initializing Servlet 'dispatcherServlet'
2023-06-23 02:01:11.103 [INFO] [http-nio-8080-exec-5] [547] Completed initialization in 1 ms
